============================================================
Time  2023/12/12 19:38:11 601 
============================================================
[2023/12/12 19:38:11 601] isr        1659 isr loaded!  
[2023/12/12 19:38:11 601] isr        1642 SYS_MSG_REGCB param0 =   msp_status_cb  param1 =   func(fc02fb80) 
[2023/12/12 19:38:11 601] isr        1537 ASR_MSG_SSB  
[2023/12/12 19:38:11 601] isr        1066 session_begin() [in], params:   sub = iat, domain = iat, language = zh_cn, accent = mandarin, sample_rate = 16000, result_type = plain, result_encoding = utf8  nil  
[2023/12/12 19:38:11 601] isr        927  vad_set [in]  
[2023/12/12 19:38:11 601] isr        962  vad_enable :  true  
[2023/12/12 19:38:11 601] isr        980  vad_bos :  10000  
[2023/12/12 19:38:11 601] isr        981  vad_eos :  2000  
[2023/12/12 19:38:11 601] isr        886  enable_vad [in]  
[2023/12/12 19:38:11 601] isr        918  vad enabled!  2000  10000  
[2023/12/12 19:38:11 601] isr        921  enable_vad [out]  
[2023/12/12 19:38:11 601] isr        987  vad_set [out] | ret =  0  
[2023/12/12 19:38:11 601] isr        1187 cur_engine_type =   cloud  
[2023/12/12 19:38:11 601] isr        1001 cloud_session_begin  
[2023/12/12 19:38:11 601] isr        1013 unknown  
[2023/12/12 19:38:11 836] isr        1547 ASR_MSG_AUW,   cloud  
[2023/12/12 19:38:11 836] isr        1559 3200  1  
[2023/12/12 19:38:11 836] isr        1569 once_bytes:   3200  
[2023/12/12 19:38:11 837] isr        1547 ASR_MSG_AUW,   cloud  
[2023/12/12 19:38:11 837] isr        1559 3200  2  
[2023/12/12 19:38:11 838] isr        851  [aud] speech start  
[2023/12/12 19:38:11 838] isr        798  1  msc  
[2023/12/12 19:38:11 996] isr        1547 ASR_MSG_AUW,   cloud  
[2023/12/12 19:38:11 996] isr        1559 3200  2  
[2023/12/12 19:38:12 160] isr        1547 ASR_MSG_AUW,   cloud  
[2023/12/12 19:38:12 160] isr        1559 3200  2  
[2023/12/12 19:38:12 160] isr        1547 ASR_MSG_AUW,   cloud  
[2023/12/12 19:38:12 160] isr        1559 3200  2  
[2023/12/12 19:38:12 317] isr        1547 ASR_MSG_AUW,   cloud  
[2023/12/12 19:38:12 317] isr        1559 3200  2  
[2023/12/12 19:38:12 317] isr        1547 ASR_MSG_AUW,   cloud  
[2023/12/12 19:38:12 317] isr        1559 3200  2  
[2023/12/12 19:38:12 480] isr        1547 ASR_MSG_AUW,   cloud  
[2023/12/12 19:38:12 481] isr        1559 3200  2  
[2023/12/12 19:38:12 644] isr        1547 ASR_MSG_AUW,   cloud  
[2023/12/12 19:38:12 644] isr        1559 3200  2  
[2023/12/12 19:38:12 644] isr        1547 ASR_MSG_AUW,   cloud  
[2023/12/12 19:38:12 644] isr        1559 3200  2  
[2023/12/12 19:38:12 807] isr        1547 ASR_MSG_AUW,   cloud  
[2023/12/12 19:38:12 807] isr        1559 3200  2  
[2023/12/12 19:38:12 808] isr        1547 ASR_MSG_AUW,   cloud  
[2023/12/12 19:38:12 808] isr        1559 3200  2  
[2023/12/12 19:38:12 957] isr        1547 ASR_MSG_AUW,   cloud  
[2023/12/12 19:38:12 957] isr        1559 3200  2  
[2023/12/12 19:38:13 120] isr        1547 ASR_MSG_AUW,   cloud  
[2023/12/12 19:38:13 120] isr        1559 3200  2  
[2023/12/12 19:38:13 120] isr        1547 ASR_MSG_AUW,   cloud  
[2023/12/12 19:38:13 120] isr        1559 3200  2  
[2023/12/12 19:38:13 284] isr        1547 ASR_MSG_AUW,   cloud  
[2023/12/12 19:38:13 284] isr        1559 3200  2  
[2023/12/12 19:38:13 448] isr        1547 ASR_MSG_AUW,   cloud  
[2023/12/12 19:38:13 448] isr        1559 3200  2  
[2023/12/12 19:38:13 448] isr        1547 ASR_MSG_AUW,   cloud  
[2023/12/12 19:38:13 448] isr        1559 3200  2  
[2023/12/12 19:38:13 611] isr        1547 ASR_MSG_AUW,   cloud  
[2023/12/12 19:38:13 611] isr        1559 3200  2  
[2023/12/12 19:38:13 612] isr        1547 ASR_MSG_AUW,   cloud  
[2023/12/12 19:38:13 612] isr        1559 3200  2  
[2023/12/12 19:38:13 775] isr        1547 ASR_MSG_AUW,   cloud  
[2023/12/12 19:38:13 775] isr        1559 3200  2  
[2023/12/12 19:38:13 938] isr        1547 ASR_MSG_AUW,   cloud  
[2023/12/12 19:38:13 946] isr        1559 3200  2  
[2023/12/12 19:38:13 946] isr        1547 ASR_MSG_AUW,   cloud  
[2023/12/12 19:38:13 946] isr        1559 3200  2  
[2023/12/12 19:38:14 101] isr        1547 ASR_MSG_AUW,   cloud  
[2023/12/12 19:38:14 102] isr        1559 3200  2  
[2023/12/12 19:38:14 102] isr        1547 ASR_MSG_AUW,   cloud  
[2023/12/12 19:38:14 102] isr        1559 3200  2  
[2023/12/12 19:38:14 237] isr        1547 ASR_MSG_AUW,   cloud  
[2023/12/12 19:38:14 237] isr        1559 3200  2  
[2023/12/12 19:38:14 401] isr        1547 ASR_MSG_AUW,   cloud  
[2023/12/12 19:38:14 401] isr        1559 3200  2  
[2023/12/12 19:38:14 402] isr        1547 ASR_MSG_AUW,   cloud  
[2023/12/12 19:38:14 402] isr        1559 3200  2  
[2023/12/12 19:38:14 565] isr        1547 ASR_MSG_AUW,   cloud  
[2023/12/12 19:38:14 565] isr        1559 3200  2  
[2023/12/12 19:38:14 728] isr        1547 ASR_MSG_AUW,   cloud  
[2023/12/12 19:38:14 728] isr        1559 3200  2  
[2023/12/12 19:38:14 729] isr        1547 ASR_MSG_AUW,   cloud  
[2023/12/12 19:38:14 729] isr        1559 3200  2  
[2023/12/12 19:38:14 892] isr        1547 ASR_MSG_AUW,   cloud  
[2023/12/12 19:38:14 892] isr        1559 3200  2  
[2023/12/12 19:38:15 055] isr        1547 ASR_MSG_AUW,   cloud  
[2023/12/12 19:38:15 055] isr        1559 3200  2  
[2023/12/12 19:38:15 056] isr        1547 ASR_MSG_AUW,   cloud  
[2023/12/12 19:38:15 056] isr        1559 3200  2  
[2023/12/12 19:38:15 219] isr        1547 ASR_MSG_AUW,   cloud  
[2023/12/12 19:38:15 219] isr        1559 3200  2  
[2023/12/12 19:38:15 219] isr        1547 ASR_MSG_AUW,   cloud  
[2023/12/12 19:38:15 219] isr        1559 3200  2  
[2023/12/12 19:38:15 382] isr        1547 ASR_MSG_AUW,   cloud  
[2023/12/12 19:38:15 382] isr        1559 3200  2  
[2023/12/12 19:38:15 546] isr        1547 ASR_MSG_AUW,   cloud  
[2023/12/12 19:38:15 546] isr        1559 3200  2  
[2023/12/12 19:38:15 546] isr        1547 ASR_MSG_AUW,   cloud  
[2023/12/12 19:38:15 546] isr        1559 3200  2  
[2023/12/12 19:38:15 709] isr        1547 ASR_MSG_AUW,   cloud  
[2023/12/12 19:38:15 709] isr        1559 3200  2  
[2023/12/12 19:38:15 710] isr        1547 ASR_MSG_AUW,   cloud  
[2023/12/12 19:38:15 710] isr        1559 3200  2  
[2023/12/12 19:38:15 873] isr        1547 ASR_MSG_AUW,   cloud  
[2023/12/12 19:38:15 873] isr        1559 3200  2  
[2023/12/12 19:38:16 036] isr        1547 ASR_MSG_AUW,   cloud  
[2023/12/12 19:38:16 037] isr        1559 3200  2  
[2023/12/12 19:38:16 037] isr        1547 ASR_MSG_AUW,   cloud  
[2023/12/12 19:38:16 037] isr        1559 3200  2  
[2023/12/12 19:38:16 200] isr        1547 ASR_MSG_AUW,   cloud  
[2023/12/12 19:38:16 200] isr        1559 3200  2  
[2023/12/12 19:38:16 363] isr        1547 ASR_MSG_AUW,   cloud  
[2023/12/12 19:38:16 363] isr        1559 3200  2  
[2023/12/12 19:38:16 364] isr        1547 ASR_MSG_AUW,   cloud  
[2023/12/12 19:38:16 364] isr        1559 3200  2  
[2023/12/12 19:38:16 527] isr        1547 ASR_MSG_AUW,   cloud  
[2023/12/12 19:38:16 527] isr        1559 3200  2  
[2023/12/12 19:38:16 527] isr        1547 ASR_MSG_AUW,   cloud  
[2023/12/12 19:38:16 527] isr        1559 3200  2  
[2023/12/12 19:38:16 690] isr        1547 ASR_MSG_AUW,   cloud  
[2023/12/12 19:38:16 690] isr        1559 3200  2  
[2023/12/12 19:38:16 712] isr        700  cloud_status_cb, eps:  1  
[2023/12/12 19:38:16 712] isr        798  1  cloud  
[2023/12/12 19:38:16 712] isr        813  cloud eps ignored  
[2023/12/12 19:38:16 854] isr        1547 ASR_MSG_AUW,   cloud  
[2023/12/12 19:38:16 854] isr        1559 3200  2  
[2023/12/12 19:38:16 854] isr        1547 ASR_MSG_AUW,   cloud  
[2023/12/12 19:38:16 854] isr        1559 3200  2  
[2023/12/12 19:38:17 018] isr        1547 ASR_MSG_AUW,   cloud  
[2023/12/12 19:38:17 018] isr        1559 3200  2  
[2023/12/12 19:38:17 018] isr        1547 ASR_MSG_AUW,   cloud  
[2023/12/12 19:38:17 018] isr        1559 3200  2  
[2023/12/12 19:38:17 048] isr        662  cloud_rslt_cb status =   0  
[2023/12/12 19:38:17 048] isr        641  process_result call:  cloud  udata(fc0379a8) 0  nil  
[2023/12/12 19:38:17 157] isr        1547 ASR_MSG_AUW,   cloud  
[2023/12/12 19:38:17 157] isr        1559 3200  2  
[2023/12/12 19:38:17 321] isr        1547 ASR_MSG_AUW,   cloud  
[2023/12/12 19:38:17 321] isr        1559 3200  2  
[2023/12/12 19:38:17 321] isr        1636 ASR_MSG_GRSLT,   cloud  
[2023/12/12 19:38:17 321] isr        1335 0  udata(fc0379a8) 0  
[2023/12/12 19:38:17 321] isr        1547 ASR_MSG_AUW,   cloud  
[2023/12/12 19:38:17 321] isr        1559 3200  2  
[2023/12/12 19:38:17 321] isr        1636 ASR_MSG_GRSLT,   cloud  
[2023/12/12 19:38:17 322] isr        1335 0  nil  2  
[2023/12/12 19:38:17 484] isr        1547 ASR_MSG_AUW,   cloud  
[2023/12/12 19:38:17 484] isr        1559 3200  2  
[2023/12/12 19:38:17 647] isr        1547 ASR_MSG_AUW,   cloud  
[2023/12/12 19:38:17 647] isr        1559 3200  2  
[2023/12/12 19:38:17 647] isr        1547 ASR_MSG_AUW,   cloud  
[2023/12/12 19:38:17 647] isr        1559 3200  2  
[2023/12/12 19:38:17 648] isr        854  [aud] speech end  
[2023/12/12 19:38:17 648] isr        798  3  msc  
[2023/12/12 19:38:17 648] isr        864  aud end, MSC VAD  
[2023/12/12 19:38:17 668] isr        700  cloud_status_cb, eps:  3  
[2023/12/12 19:38:17 669] isr        798  3  cloud  
[2023/12/12 19:38:17 669] isr        800  already speech end  
[2023/12/12 19:38:17 672] isr        662  cloud_rslt_cb status =   5  
[2023/12/12 19:38:17 672] isr        641  process_result call:  cloud  nil  5  nil  
[2023/12/12 19:38:17 672] isr        798  3  msc  
[2023/12/12 19:38:17 672] isr        800  already speech end  
[2023/12/12 19:38:17 811] isr        1547 ASR_MSG_AUW,   cloud  
[2023/12/12 19:38:17 811] isr        1559 3200  2  
[2023/12/12 19:38:17 812] isr        1636 ASR_MSG_GRSLT,   cloud  
[2023/12/12 19:38:17 812] isr        1335 0  nil  5  
[2023/12/12 19:38:17 913] isr        1639 ASR_MSG_SSE,   cloud  
[2023/12/12 19:38:17 913] isr        1356 session_end() [in]  
[2023/12/12 19:38:17 913] isr        1421 cloud_session_end() [in]  
[2023/12/12 19:38:17 914] isr        1488 ns_host=  open.xf-yun.com  
[2023/12/12 19:38:17 914] isr        1498 tick()mod=  2411099  
[2023/12/12 19:38:17 914] isr        1499 tick()=  2411099  
[2023/12/12 19:38:17 914] isr        1501 diff=  6168  
[2023/12/12 19:38:17 914] isr        1514 cloud_session_end() [out]  
[2023/12/12 19:38:17 915] isr        1667 isr unload!  
============================================================
Time  2023/12/12 19:38:34 580 
============================================================
[2023/12/12 19:38:34 580] isr        1659 isr loaded!  
[2023/12/12 19:38:34 580] isr        1642 SYS_MSG_REGCB param0 =   msp_status_cb  param1 =   func(b402fb80) 
[2023/12/12 19:38:34 580] isr        1537 ASR_MSG_SSB  
[2023/12/12 19:38:34 580] isr        1066 session_begin() [in], params:   sub = iat, domain = iat, language = zh_cn, accent = mandarin, sample_rate = 16000, result_type = plain, result_encoding = utf8  nil  
[2023/12/12 19:38:34 580] isr        927  vad_set [in]  
[2023/12/12 19:38:34 580] isr        962  vad_enable :  true  
[2023/12/12 19:38:34 580] isr        980  vad_bos :  10000  
[2023/12/12 19:38:34 580] isr        981  vad_eos :  2000  
[2023/12/12 19:38:34 580] isr        886  enable_vad [in]  
[2023/12/12 19:38:34 581] isr        918  vad enabled!  2000  10000  
[2023/12/12 19:38:34 581] isr        921  enable_vad [out]  
[2023/12/12 19:38:34 581] isr        987  vad_set [out] | ret =  0  
[2023/12/12 19:38:34 581] isr        1187 cur_engine_type =   cloud  
[2023/12/12 19:38:34 581] isr        1001 cloud_session_begin  
[2023/12/12 19:38:34 581] isr        1013 unknown  
[2023/12/12 19:38:34 776] isr        1547 ASR_MSG_AUW,   cloud  
[2023/12/12 19:38:34 776] isr        1559 3200  1  
[2023/12/12 19:38:34 776] isr        1569 once_bytes:   3200  
[2023/12/12 19:38:34 776] isr        1547 ASR_MSG_AUW,   cloud  
[2023/12/12 19:38:34 776] isr        1559 3200  2  
[2023/12/12 19:38:34 777] isr        851  [aud] speech start  
[2023/12/12 19:38:34 777] isr        798  1  msc  
[2023/12/12 19:38:34 940] isr        1547 ASR_MSG_AUW,   cloud  
[2023/12/12 19:38:34 940] isr        1559 3200  2  
[2023/12/12 19:38:35 104] isr        1547 ASR_MSG_AUW,   cloud  
[2023/12/12 19:38:35 104] isr        1559 3200  2  
[2023/12/12 19:38:35 104] isr        1547 ASR_MSG_AUW,   cloud  
[2023/12/12 19:38:35 104] isr        1559 3200  2  
[2023/12/12 19:38:35 267] isr        1547 ASR_MSG_AUW,   cloud  
[2023/12/12 19:38:35 267] isr        1559 3200  2  
[2023/12/12 19:38:35 431] isr        1547 ASR_MSG_AUW,   cloud  
[2023/12/12 19:38:35 431] isr        1559 3200  2  
[2023/12/12 19:38:35 431] isr        1547 ASR_MSG_AUW,   cloud  
[2023/12/12 19:38:35 431] isr        1559 3200  2  
[2023/12/12 19:38:35 594] isr        1547 ASR_MSG_AUW,   cloud  
[2023/12/12 19:38:35 594] isr        1559 3200  2  
[2023/12/12 19:38:35 594] isr        1547 ASR_MSG_AUW,   cloud  
[2023/12/12 19:38:35 594] isr        1559 3200  2  
[2023/12/12 19:38:35 757] isr        1547 ASR_MSG_AUW,   cloud  
[2023/12/12 19:38:35 757] isr        1559 3200  2  
[2023/12/12 19:38:35 921] isr        1547 ASR_MSG_AUW,   cloud  
[2023/12/12 19:38:35 921] isr        1559 3200  2  
[2023/12/12 19:38:35 921] isr        1547 ASR_MSG_AUW,   cloud  
[2023/12/12 19:38:35 921] isr        1559 3200  2  
[2023/12/12 19:38:36 084] isr        1547 ASR_MSG_AUW,   cloud  
[2023/12/12 19:38:36 084] isr        1559 3200  2  
[2023/12/12 19:38:36 085] isr        1547 ASR_MSG_AUW,   cloud  
[2023/12/12 19:38:36 085] isr        1559 3200  2  
[2023/12/12 19:38:36 247] isr        1547 ASR_MSG_AUW,   cloud  
[2023/12/12 19:38:36 248] isr        1559 3200  2  
[2023/12/12 19:38:36 411] isr        1547 ASR_MSG_AUW,   cloud  
[2023/12/12 19:38:36 411] isr        1559 3200  2  
[2023/12/12 19:38:36 412] isr        1547 ASR_MSG_AUW,   cloud  
[2023/12/12 19:38:36 412] isr        1559 3200  2  
[2023/12/12 19:38:36 575] isr        1547 ASR_MSG_AUW,   cloud  
[2023/12/12 19:38:36 575] isr        1559 3200  2  
[2023/12/12 19:38:36 575] isr        1547 ASR_MSG_AUW,   cloud  
[2023/12/12 19:38:36 575] isr        1559 3200  2  
[2023/12/12 19:38:36 738] isr        1547 ASR_MSG_AUW,   cloud  
[2023/12/12 19:38:36 738] isr        1559 3200  2  
[2023/12/12 19:38:36 901] isr        1547 ASR_MSG_AUW,   cloud  
[2023/12/12 19:38:36 902] isr        1559 3200  2  
[2023/12/12 19:38:36 902] isr        1547 ASR_MSG_AUW,   cloud  
[2023/12/12 19:38:36 902] isr        1559 3200  2  
[2023/12/12 19:38:37 065] isr        1547 ASR_MSG_AUW,   cloud  
[2023/12/12 19:38:37 065] isr        1559 3200  2  
[2023/12/12 19:38:37 219] isr        1547 ASR_MSG_AUW,   cloud  
[2023/12/12 19:38:37 219] isr        1559 3200  2  
[2023/12/12 19:38:37 219] isr        1547 ASR_MSG_AUW,   cloud  
[2023/12/12 19:38:37 219] isr        1559 3200  2  
[2023/12/12 19:38:37 382] isr        1547 ASR_MSG_AUW,   cloud  
[2023/12/12 19:38:37 382] isr        1559 3200  2  
[2023/12/12 19:38:37 382] isr        1547 ASR_MSG_AUW,   cloud  
[2023/12/12 19:38:37 382] isr        1559 3200  2  
[2023/12/12 19:38:37 546] isr        1547 ASR_MSG_AUW,   cloud  
[2023/12/12 19:38:37 546] isr        1559 3200  2  
[2023/12/12 19:38:37 709] isr        1547 ASR_MSG_AUW,   cloud  
[2023/12/12 19:38:37 709] isr        1559 3200  2  
[2023/12/12 19:38:37 709] isr        1547 ASR_MSG_AUW,   cloud  
[2023/12/12 19:38:37 710] isr        1559 3200  2  
[2023/12/12 19:38:37 873] isr        1547 ASR_MSG_AUW,   cloud  
[2023/12/12 19:38:37 873] isr        1559 3200  2  
[2023/12/12 19:38:37 873] isr        1547 ASR_MSG_AUW,   cloud  
[2023/12/12 19:38:37 873] isr        1559 3200  2  
[2023/12/12 19:38:38 036] isr        1547 ASR_MSG_AUW,   cloud  
[2023/12/12 19:38:38 036] isr        1559 3200  2  
[2023/12/12 19:38:38 200] isr        1547 ASR_MSG_AUW,   cloud  
[2023/12/12 19:38:38 200] isr        1559 3200  2  
[2023/12/12 19:38:38 200] isr        1547 ASR_MSG_AUW,   cloud  
[2023/12/12 19:38:38 200] isr        1559 3200  2  
[2023/12/12 19:38:38 363] isr        1547 ASR_MSG_AUW,   cloud  
[2023/12/12 19:38:38 363] isr        1559 3200  2  
[2023/12/12 19:38:38 527] isr        1547 ASR_MSG_AUW,   cloud  
[2023/12/12 19:38:38 527] isr        1559 3200  2  
[2023/12/12 19:38:38 527] isr        1547 ASR_MSG_AUW,   cloud  
[2023/12/12 19:38:38 527] isr        1559 3200  2  
[2023/12/12 19:38:38 690] isr        1547 ASR_MSG_AUW,   cloud  
[2023/12/12 19:38:38 690] isr        1559 3200  2  
[2023/12/12 19:38:38 690] isr        1547 ASR_MSG_AUW,   cloud  
[2023/12/12 19:38:38 690] isr        1559 3200  2  
[2023/12/12 19:38:38 854] isr        1547 ASR_MSG_AUW,   cloud  
[2023/12/12 19:38:38 854] isr        1559 3200  2  
[2023/12/12 19:38:39 018] isr        1547 ASR_MSG_AUW,   cloud  
[2023/12/12 19:38:39 018] isr        1559 3200  2  
[2023/12/12 19:38:39 018] isr        1547 ASR_MSG_AUW,   cloud  
[2023/12/12 19:38:39 018] isr        1559 3200  2  
[2023/12/12 19:38:39 181] isr        1547 ASR_MSG_AUW,   cloud  
[2023/12/12 19:38:39 181] isr        1559 3200  2  
[2023/12/12 19:38:39 181] isr        1547 ASR_MSG_AUW,   cloud  
[2023/12/12 19:38:39 181] isr        1559 3200  2  
[2023/12/12 19:38:39 344] isr        1547 ASR_MSG_AUW,   cloud  
[2023/12/12 19:38:39 344] isr        1559 3200  2  
[2023/12/12 19:38:39 508] isr        1547 ASR_MSG_AUW,   cloud  
[2023/12/12 19:38:39 508] isr        1559 3200  2  
[2023/12/12 19:38:39 508] isr        1547 ASR_MSG_AUW,   cloud  
[2023/12/12 19:38:39 508] isr        1559 3200  2  
[2023/12/12 19:38:39 671] isr        1547 ASR_MSG_AUW,   cloud  
[2023/12/12 19:38:39 671] isr        1559 3200  2  
[2023/12/12 19:38:39 697] isr        700  cloud_status_cb, eps:  1  
[2023/12/12 19:38:39 697] isr        798  1  cloud  
[2023/12/12 19:38:39 697] isr        813  cloud eps ignored  
[2023/12/12 19:38:39 835] isr        1547 ASR_MSG_AUW,   cloud  
[2023/12/12 19:38:39 835] isr        1559 3200  2  
[2023/12/12 19:38:39 835] isr        1547 ASR_MSG_AUW,   cloud  
[2023/12/12 19:38:39 835] isr        1559 3200  2  
[2023/12/12 19:38:39 999] isr        1547 ASR_MSG_AUW,   cloud  
[2023/12/12 19:38:39 999] isr        1559 3200  2  
[2023/12/12 19:38:39 999] isr        1547 ASR_MSG_AUW,   cloud  
[2023/12/12 19:38:39 999] isr        1559 3200  2  
[2023/12/12 19:38:40 023] isr        662  cloud_rslt_cb status =   0  
[2023/12/12 19:38:40 023] isr        641  process_result call:  cloud  udata(b4038308) 0  nil  
[2023/12/12 19:38:40 138] isr        1547 ASR_MSG_AUW,   cloud  
[2023/12/12 19:38:40 138] isr        1559 3200  2  
[2023/12/12 19:38:40 168] isr        662  cloud_rslt_cb status =   5  
[2023/12/12 19:38:40 168] isr        641  process_result call:  cloud  udata(b4036388) 5  nil  
[2023/12/12 19:38:40 168] isr        798  3  msc  
[2023/12/12 19:38:40 302] isr        1547 ASR_MSG_AUW,   cloud  
[2023/12/12 19:38:40 302] isr        1559 3200  2  
[2023/12/12 19:38:40 302] isr        1636 ASR_MSG_GRSLT,   cloud  
[2023/12/12 19:38:40 302] isr        1335 0  udata(b4038308) 0  
[2023/12/12 19:38:40 304] isr        1636 ASR_MSG_GRSLT,   cloud  
[2023/12/12 19:38:40 304] isr        1335 0  udata(b4036388) 5  
[2023/12/12 19:38:40 405] isr        1639 ASR_MSG_SSE,   cloud  
[2023/12/12 19:38:40 405] isr        1356 session_end() [in]  
[2023/12/12 19:38:40 405] isr        1421 cloud_session_end() [in]  
[2023/12/12 19:38:40 406] isr        1488 ns_host=  open.xf-yun.com  
[2023/12/12 19:38:40 407] isr        1498 tick()mod=  2433591  
[2023/12/12 19:38:40 407] isr        1499 tick()=  2433591  
[2023/12/12 19:38:40 407] isr        1501 diff=  5704  
[2023/12/12 19:38:40 407] isr        1514 cloud_session_end() [out]  
[2023/12/12 19:38:40 407] isr        1667 isr unload!  
